INFO:hyperopt.tpe:build_posterior_wrapper took 0.000000 seconds
INFO:hyperopt.tpe:TPE using 0 trials
INFO:root:Training random forest regressor model...
INFO:root:Root Mean Square Error = 5.162436779625011
INFO:hyperopt.tpe:build_posterior_wrapper took 0.000000 seconds
INFO:hyperopt.tpe:TPE using 1/1 trials with best loss 5.162437
INFO:root:Training random forest regressor model...
INFO:root:Root Mean Square Error = 5.176616871619547
INFO:hyperopt.tpe:build_posterior_wrapper took 0.000000 seconds
INFO:hyperopt.tpe:TPE using 2/2 trials with best loss 5.162437
INFO:root:Training random forest regressor model...
INFO:root:Root Mean Square Error = 5.221864373628491
INFO:hyperopt.tpe:build_posterior_wrapper took 0.000997 seconds
INFO:hyperopt.tpe:TPE using 3/3 trials with best loss 5.162437
INFO:root:Training random forest regressor model...
INFO:root:Root Mean Square Error = 5.230702069154621
INFO:hyperopt.tpe:build_posterior_wrapper took 0.002197 seconds
INFO:hyperopt.tpe:TPE using 4/4 trials with best loss 5.162437
INFO:root:Training random forest regressor model...
INFO:root:Root Mean Square Error = 5.402817249547846
INFO:hyperopt.tpe:build_posterior_wrapper took 0.002996 seconds
INFO:hyperopt.tpe:TPE using 5/5 trials with best loss 5.162437
INFO:root:Training random forest regressor model...
INFO:root:Root Mean Square Error = 5.287865790127426
INFO:hyperopt.tpe:build_posterior_wrapper took 0.000000 seconds
INFO:hyperopt.tpe:TPE using 6/6 trials with best loss 5.162437
INFO:root:Training random forest regressor model...
INFO:root:Root Mean Square Error = 5.771183484471812
INFO:hyperopt.tpe:build_posterior_wrapper took 0.000000 seconds
INFO:hyperopt.tpe:TPE using 7/7 trials with best loss 5.162437
INFO:root:Training random forest regressor model...
INFO:root:Root Mean Square Error = 5.203806593711067
INFO:hyperopt.tpe:build_posterior_wrapper took 0.000000 seconds
INFO:hyperopt.tpe:TPE using 8/8 trials with best loss 5.162437
INFO:root:Training random forest regressor model...
INFO:root:Root Mean Square Error = 6.325829952075363
INFO:hyperopt.tpe:build_posterior_wrapper took 0.000000 seconds
INFO:hyperopt.tpe:TPE using 9/9 trials with best loss 5.162437
INFO:root:Training random forest regressor model...
INFO:root:Root Mean Square Error = 5.293018886463309
INFO:hyperopt.tpe:build_posterior_wrapper took 0.001000 seconds
INFO:hyperopt.tpe:TPE using 10/10 trials with best loss 5.162437
INFO:root:Training random forest regressor model...
INFO:root:Root Mean Square Error = 5.412732291386477
INFO:hyperopt.tpe:build_posterior_wrapper took 0.000000 seconds
INFO:hyperopt.tpe:TPE using 11/11 trials with best loss 5.162437
INFO:root:Training random forest regressor model...
INFO:root:Root Mean Square Error = 5.772519554005141
INFO:hyperopt.tpe:build_posterior_wrapper took 0.003395 seconds
INFO:hyperopt.tpe:TPE using 12/12 trials with best loss 5.162437
INFO:root:Training random forest regressor model...
INFO:root:Root Mean Square Error = 5.215537045769942
INFO:hyperopt.tpe:build_posterior_wrapper took 0.000513 seconds
INFO:hyperopt.tpe:TPE using 13/13 trials with best loss 5.162437
INFO:root:Training random forest regressor model...
INFO:root:Root Mean Square Error = 5.787496936536056
INFO:hyperopt.tpe:build_posterior_wrapper took 0.001075 seconds
INFO:hyperopt.tpe:TPE using 14/14 trials with best loss 5.162437
INFO:root:Training random forest regressor model...
INFO:root:Root Mean Square Error = 7.2530786513319265
INFO:hyperopt.tpe:build_posterior_wrapper took 0.000000 seconds
INFO:hyperopt.tpe:TPE using 15/15 trials with best loss 5.162437
INFO:root:Training random forest regressor model...
INFO:root:Root Mean Square Error = 5.469171240800603
INFO:hyperopt.tpe:build_posterior_wrapper took 0.001063 seconds
INFO:hyperopt.tpe:TPE using 16/16 trials with best loss 5.162437
INFO:root:Training random forest regressor model...
INFO:root:Root Mean Square Error = 5.168319293814301
INFO:hyperopt.tpe:build_posterior_wrapper took 0.002024 seconds
INFO:hyperopt.tpe:TPE using 17/17 trials with best loss 5.162437
INFO:root:Training random forest regressor model...
INFO:root:Root Mean Square Error = 5.32401964429033
INFO:hyperopt.tpe:build_posterior_wrapper took 0.008040 seconds
INFO:hyperopt.tpe:TPE using 18/18 trials with best loss 5.162437
INFO:root:Training random forest regressor model...
INFO:root:Root Mean Square Error = 5.7784596042914105
INFO:hyperopt.tpe:build_posterior_wrapper took 0.000000 seconds
INFO:hyperopt.tpe:TPE using 19/19 trials with best loss 5.162437
INFO:root:Training random forest regressor model...
INFO:root:Root Mean Square Error = 5.148785708583263
INFO:hyperopt.tpe:build_posterior_wrapper took 0.000000 seconds
INFO:hyperopt.tpe:TPE using 20/20 trials with best loss 5.148786
INFO:root:Training random forest regressor model...
INFO:root:Root Mean Square Error = 5.167881216296925
INFO:hyperopt.tpe:build_posterior_wrapper took 0.000000 seconds
INFO:hyperopt.tpe:TPE using 21/21 trials with best loss 5.148786
INFO:root:Training random forest regressor model...
INFO:root:Root Mean Square Error = 5.1502595111293035
INFO:hyperopt.tpe:build_posterior_wrapper took 0.000000 seconds
INFO:hyperopt.tpe:TPE using 22/22 trials with best loss 5.148786
INFO:root:Training random forest regressor model...
INFO:root:Root Mean Square Error = 5.148482883971184
INFO:hyperopt.tpe:build_posterior_wrapper took 0.000000 seconds
INFO:hyperopt.tpe:TPE using 23/23 trials with best loss 5.148483
INFO:root:Training random forest regressor model...
INFO:root:Root Mean Square Error = 5.148482883971184
INFO:hyperopt.tpe:build_posterior_wrapper took 0.008024 seconds
INFO:hyperopt.tpe:TPE using 24/24 trials with best loss 5.148483
INFO:root:Training random forest regressor model...
INFO:root:Root Mean Square Error = 5.155235342539787
INFO:hyperopt.tpe:build_posterior_wrapper took 0.000000 seconds
INFO:hyperopt.tpe:TPE using 25/25 trials with best loss 5.148483
INFO:root:Training random forest regressor model...
INFO:root:Root Mean Square Error = 5.191583994866784
INFO:hyperopt.tpe:build_posterior_wrapper took 0.000000 seconds
INFO:hyperopt.tpe:TPE using 26/26 trials with best loss 5.148483
INFO:root:Training random forest regressor model...
INFO:root:Root Mean Square Error = 5.186287237789021
INFO:hyperopt.tpe:build_posterior_wrapper took 0.002374 seconds
INFO:hyperopt.tpe:TPE using 27/27 trials with best loss 5.148483
INFO:root:Training random forest regressor model...
INFO:root:Root Mean Square Error = 5.180953945520583
INFO:hyperopt.tpe:build_posterior_wrapper took 0.002376 seconds
INFO:hyperopt.tpe:TPE using 28/28 trials with best loss 5.148483
INFO:root:Training random forest regressor model...
INFO:root:Root Mean Square Error = 5.161875428838121
INFO:hyperopt.tpe:build_posterior_wrapper took 0.000000 seconds
INFO:hyperopt.tpe:TPE using 29/29 trials with best loss 5.148483
INFO:root:Training random forest regressor model...
INFO:root:Root Mean Square Error = 5.156025676629692
INFO:hyperopt.tpe:build_posterior_wrapper took 0.001009 seconds
INFO:hyperopt.tpe:TPE using 0 trials
INFO:root:Training random forest regressor model...
INFO:root:Root Mean Square Error = 5.162436779625011
INFO:hyperopt.tpe:build_posterior_wrapper took 0.000000 seconds
INFO:hyperopt.tpe:TPE using 1/1 trials with best loss 5.162437
INFO:root:Training random forest regressor model...
INFO:root:Root Mean Square Error = 5.176616871619547
INFO:hyperopt.tpe:build_posterior_wrapper took 0.000000 seconds
INFO:hyperopt.tpe:TPE using 2/2 trials with best loss 5.162437
INFO:root:Training random forest regressor model...
INFO:root:Root Mean Square Error = 5.221864373628491
INFO:hyperopt.tpe:build_posterior_wrapper took 0.000000 seconds
INFO:hyperopt.tpe:TPE using 3/3 trials with best loss 5.162437
INFO:root:Training random forest regressor model...
INFO:root:Root Mean Square Error = 5.230702069154621
INFO:hyperopt.tpe:build_posterior_wrapper took 0.000000 seconds
INFO:hyperopt.tpe:TPE using 4/4 trials with best loss 5.162437
INFO:root:Training random forest regressor model...
INFO:root:Root Mean Square Error = 5.402817249547846
INFO:hyperopt.tpe:build_posterior_wrapper took 0.000000 seconds
INFO:hyperopt.tpe:TPE using 5/5 trials with best loss 5.162437
INFO:root:Training random forest regressor model...
INFO:root:Root Mean Square Error = 5.287865790127426
INFO:hyperopt.tpe:build_posterior_wrapper took 0.000000 seconds
INFO:hyperopt.tpe:TPE using 6/6 trials with best loss 5.162437
INFO:root:Training random forest regressor model...
INFO:root:Root Mean Square Error = 5.771183484471812
INFO:hyperopt.tpe:build_posterior_wrapper took 0.000000 seconds
INFO:hyperopt.tpe:TPE using 7/7 trials with best loss 5.162437
INFO:root:Training random forest regressor model...
INFO:root:Root Mean Square Error = 5.203806593711067
INFO:hyperopt.tpe:build_posterior_wrapper took 0.000000 seconds
INFO:hyperopt.tpe:TPE using 8/8 trials with best loss 5.162437
INFO:root:Training random forest regressor model...
INFO:root:Root Mean Square Error = 6.325829952075363
INFO:hyperopt.tpe:build_posterior_wrapper took 0.000000 seconds
INFO:hyperopt.tpe:TPE using 9/9 trials with best loss 5.162437
INFO:root:Training random forest regressor model...
INFO:root:Root Mean Square Error = 5.293018886463309
INFO:hyperopt.tpe:build_posterior_wrapper took 0.000000 seconds
INFO:hyperopt.tpe:TPE using 10/10 trials with best loss 5.162437
INFO:root:Training random forest regressor model...
INFO:root:Root Mean Square Error = 5.412732291386477
INFO:hyperopt.tpe:build_posterior_wrapper took 0.000000 seconds
INFO:hyperopt.tpe:TPE using 11/11 trials with best loss 5.162437
INFO:root:Training random forest regressor model...
INFO:root:Root Mean Square Error = 5.772519554005141
INFO:hyperopt.tpe:build_posterior_wrapper took 0.000000 seconds
INFO:hyperopt.tpe:TPE using 12/12 trials with best loss 5.162437
INFO:root:Training random forest regressor model...
INFO:root:Root Mean Square Error = 5.215537045769942
INFO:hyperopt.tpe:build_posterior_wrapper took 0.001054 seconds
INFO:hyperopt.tpe:TPE using 13/13 trials with best loss 5.162437
INFO:root:Training random forest regressor model...
INFO:root:Root Mean Square Error = 5.787496936536056
INFO:hyperopt.tpe:build_posterior_wrapper took 0.000000 seconds
INFO:hyperopt.tpe:TPE using 14/14 trials with best loss 5.162437
INFO:root:Training random forest regressor model...
INFO:root:Root Mean Square Error = 7.2530786513319265
INFO:hyperopt.tpe:build_posterior_wrapper took 0.000000 seconds
INFO:hyperopt.tpe:TPE using 15/15 trials with best loss 5.162437
INFO:root:Training random forest regressor model...
INFO:root:Root Mean Square Error = 5.469171240800603
INFO:hyperopt.tpe:build_posterior_wrapper took 0.000000 seconds
INFO:hyperopt.tpe:TPE using 16/16 trials with best loss 5.162437
INFO:root:Training random forest regressor model...
INFO:root:Root Mean Square Error = 5.168319293814301
INFO:hyperopt.tpe:build_posterior_wrapper took 0.000000 seconds
INFO:hyperopt.tpe:TPE using 17/17 trials with best loss 5.162437
INFO:root:Training random forest regressor model...
INFO:root:Root Mean Square Error = 5.32401964429033
INFO:hyperopt.tpe:build_posterior_wrapper took 0.002053 seconds
INFO:hyperopt.tpe:TPE using 18/18 trials with best loss 5.162437
INFO:root:Training random forest regressor model...
INFO:root:Root Mean Square Error = 5.7784596042914105
INFO:hyperopt.tpe:build_posterior_wrapper took 0.000000 seconds
INFO:hyperopt.tpe:TPE using 19/19 trials with best loss 5.162437
INFO:root:Training random forest regressor model...
INFO:root:Root Mean Square Error = 5.148785708583263
INFO:hyperopt.tpe:build_posterior_wrapper took 0.000000 seconds
INFO:hyperopt.tpe:TPE using 20/20 trials with best loss 5.148786
INFO:root:Training random forest regressor model...
INFO:root:Root Mean Square Error = 5.167881216296925
INFO:hyperopt.tpe:build_posterior_wrapper took 0.000000 seconds
INFO:hyperopt.tpe:TPE using 21/21 trials with best loss 5.148786
INFO:root:Training random forest regressor model...
INFO:root:Root Mean Square Error = 5.1502595111293035
INFO:hyperopt.tpe:build_posterior_wrapper took 0.000000 seconds
INFO:hyperopt.tpe:TPE using 22/22 trials with best loss 5.148786
INFO:root:Training random forest regressor model...
INFO:root:Root Mean Square Error = 5.148482883971184
INFO:hyperopt.tpe:build_posterior_wrapper took 0.000000 seconds
INFO:hyperopt.tpe:TPE using 23/23 trials with best loss 5.148483
INFO:root:Training random forest regressor model...
INFO:root:Root Mean Square Error = 5.148482883971184
INFO:hyperopt.tpe:build_posterior_wrapper took 0.001031 seconds
INFO:hyperopt.tpe:TPE using 24/24 trials with best loss 5.148483
INFO:root:Training random forest regressor model...
INFO:root:Root Mean Square Error = 5.155235342539787
INFO:hyperopt.tpe:build_posterior_wrapper took 0.000000 seconds
INFO:hyperopt.tpe:TPE using 25/25 trials with best loss 5.148483
INFO:root:Training random forest regressor model...
INFO:root:Root Mean Square Error = 5.191583994866784
INFO:hyperopt.tpe:build_posterior_wrapper took 0.000000 seconds
INFO:hyperopt.tpe:TPE using 26/26 trials with best loss 5.148483
INFO:root:Training random forest regressor model...
INFO:root:Root Mean Square Error = 5.186287237789021
INFO:hyperopt.tpe:build_posterior_wrapper took 0.001019 seconds
INFO:hyperopt.tpe:TPE using 27/27 trials with best loss 5.148483
INFO:root:Training random forest regressor model...
INFO:root:Root Mean Square Error = 5.180953945520583
INFO:hyperopt.tpe:build_posterior_wrapper took 0.000000 seconds
INFO:hyperopt.tpe:TPE using 28/28 trials with best loss 5.148483
INFO:root:Training random forest regressor model...
INFO:root:Root Mean Square Error = 5.161875428838121
INFO:hyperopt.tpe:build_posterior_wrapper took 0.000000 seconds
INFO:hyperopt.tpe:TPE using 29/29 trials with best loss 5.148483
INFO:root:Training random forest regressor model...
INFO:root:Root Mean Square Error = 5.156025676629692
